::1 - - [25/Jul/2024:17:53:50 +0000] "POST /api/auth/login HTTP/1.1" 202 247 "-" "PostmanRuntime/7.39.0"
::1 - - [04/Aug/2024:12:24:57 +0000] "POST /api/auth/login HTTP/1.1" 202 247 "-" "PostmanRuntime/7.40.0"
::1 - - [04/Aug/2024:12:39:20 +0000] "POST /api/auth/login HTTP/1.1" 202 247 "-" "PostmanRuntime/7.40.0"
::1 - - [04/Aug/2024:12:43:40 +0000] "POST /api/auth/login HTTP/1.1" 202 247 "-" "PostmanRuntime/7.40.0"
::1 - - [04/Aug/2024:12:43:55 +0000] "POST /api/auth/login HTTP/1.1" 202 247 "-" "PostmanRuntime/7.40.0"
::1 - - [04/Aug/2024:12:44:08 +0000] "POST /api/auth/login HTTP/1.1" 202 247 "-" "PostmanRuntime/7.40.0"
::1 - - [04/Aug/2024:12:44:36 +0000] "GET /api/keys?page=1&limit=1 HTTP/1.1" 200 554 "-" "PostmanRuntime/7.40.0"
::1 - - [04/Aug/2024:12:44:52 +0000] "GET /api/keys?page=1&limit=1 HTTP/1.1" 200 554 "-" "PostmanRuntime/7.40.0"
::1 - - [04/Aug/2024:12:47:18 +0000] "GET /api/keys/668e5281d901935162ed0f2a HTTP/1.1" 200 2 "-" "PostmanRuntime/7.40.0"
::1 - - [04/Aug/2024:12:48:51 +0000] "POST /api/auth/login HTTP/1.1" 202 247 "-" "PostmanRuntime/7.40.0"
::1 - - [04/Aug/2024:12:49:01 +0000] "POST /api/auth/login HTTP/1.1" 202 247 "-" "PostmanRuntime/7.40.0"
::1 - - [04/Aug/2024:12:49:17 +0000] "GET /api/keys/668e5281d901935162ed0f2a HTTP/1.1" 200 2 "-" "PostmanRuntime/7.40.0"
::1 - - [04/Aug/2024:12:49:31 +0000] "GET /api/keys?page=1&limit=1 HTTP/1.1" 200 554 "-" "PostmanRuntime/7.40.0"
::1 - - [04/Aug/2024:12:50:07 +0000] "GET /api/keys?page=1&limit=1 HTTP/1.1" 200 554 "-" "PostmanRuntime/7.40.0"
::1 - - [04/Aug/2024:12:50:19 +0000] "GET /api/keys?page=1&limit=33 HTTP/1.1" 200 17916 "-" "PostmanRuntime/7.40.0"
::1 - - [04/Aug/2024:12:50:34 +0000] "GET /api/keys? HTTP/1.1" 200 1194072 "-" "PostmanRuntime/7.40.0"
::1 - - [04/Aug/2024:12:53:16 +0000] "GET /api/keys? HTTP/1.1" 200 1194072 "-" "PostmanRuntime/7.40.0"
::1 - - [04/Aug/2024:13:19:33 +0000] "GET /api/keys? HTTP/1.1" 401 28 "-" "PostmanRuntime/7.40.0"
::1 - - [04/Aug/2024:13:20:08 +0000] "POST /api/auth/login HTTP/1.1" 202 247 "-" "PostmanRuntime/7.40.0"
::1 - - [04/Aug/2024:13:20:25 +0000] "GET /api/keys? HTTP/1.1" 200 1194072 "-" "PostmanRuntime/7.40.0"
::1 - - [04/Aug/2024:13:20:50 +0000] "GET /api/keys? HTTP/1.1" 200 1194072 "-" "PostmanRuntime/7.40.0"
::1 - - [04/Aug/2024:13:21:36 +0000] "GET /api/keys? HTTP/1.1" 200 1194072 "-" "PostmanRuntime/7.40.0"
::1 - - [04/Aug/2024:13:22:12 +0000] "GET /api/keys? HTTP/1.1" 200 1194072 "-" "PostmanRuntime/7.40.0"
::1 - - [04/Aug/2024:13:26:35 +0000] "GET /api/keys? HTTP/1.1" 500 33 "-" "PostmanRuntime/7.40.0"
::1 - - [04/Aug/2024:13:27:29 +0000] "POST /api/auth/login HTTP/1.1" 202 247 "-" "PostmanRuntime/7.40.0"
::1 - - [04/Aug/2024:13:27:39 +0000] "GET /api/keys/668e5281d901935162ed0f2a HTTP/1.1" 200 2 "-" "PostmanRuntime/7.40.0"
::1 - - [04/Aug/2024:13:27:48 +0000] "GET /api/keys? HTTP/1.1" 500 33 "-" "PostmanRuntime/7.40.0"
::1 - - [04/Aug/2024:13:28:18 +0000] "GET /api/keys? HTTP/1.1" 200 1194072 "-" "PostmanRuntime/7.40.0"
::1 - - [04/Aug/2024:13:29:21 +0000] "GET /api/keys? HTTP/1.1" 200 1194072 "-" "PostmanRuntime/7.40.0"
::1 - - [04/Aug/2024:13:29:37 +0000] "GET /api/keys? HTTP/1.1" 200 1194072 "-" "PostmanRuntime/7.40.0"
::1 - - [04/Aug/2024:13:30:55 +0000] "GET /api/keys? HTTP/1.1" 200 1194072 "-" "PostmanRuntime/7.40.0"
::1 - - [04/Aug/2024:13:31:06 +0000] "GET /api/keys? HTTP/1.1" 200 1194072 "-" "PostmanRuntime/7.40.0"
::1 - - [04/Aug/2024:13:31:33 +0000] "GET /api/keys? HTTP/1.1" 200 1194072 "-" "PostmanRuntime/7.40.0"
::1 - - [04/Aug/2024:13:33:55 +0000] "GET /api/keys? HTTP/1.1" 200 1194072 "-" "PostmanRuntime/7.40.0"
::1 - - [04/Aug/2024:13:38:00 +0000] "GET /api/keys? HTTP/1.1" 200 1194072 "-" "PostmanRuntime/7.40.0"
::1 - - [04/Aug/2024:13:39:50 +0000] "GET /api/keys? HTTP/1.1" 200 1194072 "-" "PostmanRuntime/7.40.0"
::1 - - [04/Aug/2024:13:40:44 +0000] "GET /api/keys? HTTP/1.1" 200 1194072 "-" "PostmanRuntime/7.40.0"
::1 - - [22/Aug/2024:16:14:29 +0000] "POST /api/auth/login HTTP/1.1" 202 247 "-" "PostmanRuntime/7.40.0"
::1 - - [22/Aug/2024:16:14:51 +0000] "GET /api/dealers HTTP/1.1" 200 348 "-" "PostmanRuntime/7.40.0"
